<?xml version='1.0'?>
<ns2:test-suite xmlns:ns2='urn:model.allure.qatools.yandex.ru' start='1585555388840' stop='1585555433993'>
    <name>Second Pull</name>
    <title>Second Pull</title>
    <test-cases>
        <test-case start='1585555388841' status='passed' stop='1585555406494'>
            <name>Add to Comparison</name>
            <title>Add to Comparison</title>
            <labels/>
            <parameters/>
            <steps/>
            <attachments/>
        </test-case>
        <test-case start='1585555406494' status='passed' stop='1585555416425'>
            <name>Remove from Comparison</name>
            <title>Remove from Comparison</title>
            <labels/>
            <parameters/>
            <steps/>
            <attachments/>
        </test-case>
        <test-case start='1585555416425' status='failed' stop='1585555424771'>
            <name>Sort in Market</name>
            <title>Sort in Market</title>
            <labels/>
            <parameters/>
            <steps/>
            <attachments/>
            <failure>
                <message>Failed: yandexMarketElements.priceSorting.toHaveClass is not a function</message>
                <stack-trace>TypeError: yandexMarketElements.priceSorting.toHaveClass is not a function
                    at yandexMarketMethods.sortByPriceDesc (C:\Users\Alexey\automationJS\methods\yandexMarketMethods.js:58:62)
                    at processTicksAndRejections (internal/process/task_queues.js:93:5)
                    at UserContext.&lt;anonymous> (C:\Users\Alexey\automationJS\tests\secondPull.js:34:9)
                From asynchronous test: 
                Error
                    at Suite.&lt;anonymous> (C:\Users\Alexey\automationJS\tests\secondPull.js:31:5)
                    at addSpecsToSuite (C:\Users\Alexey\AppData\Roaming\npm\node_modules\protractor\node_modules\jasmine-core\lib\jasmine-core\jasmine.js:1107:25)
                    at Env.describe (C:\Users\Alexey\AppData\Roaming\npm\node_modules\protractor\node_modules\jasmine-core\lib\jasmine-core\jasmine.js:1074:7)
                    at describe (C:\Users\Alexey\AppData\Roaming\npm\node_modules\protractor\node_modules\jasmine-core\lib\jasmine-core\jasmine.js:4399:18)
                    at Object.&lt;anonymous> (C:\Users\Alexey\automationJS\tests\secondPull.js:1:1)
                    at Module._compile (internal/modules/cjs/loader.js:945:30)
                    at Object.Module._extensions..js (internal/modules/cjs/loader.js:962:10)
                    at Module.load (internal/modules/cjs/loader.js:798:32)
                    at Function.Module._load (internal/modules/cjs/loader.js:711:12)</stack-trace>
            </failure>
        </test-case>
        <test-case start='1585555424771' status='failed' stop='1585555433964'>
            <name>Sort by tag</name>
            <title>Sort by tag</title>
            <labels/>
            <parameters/>
            <steps/>
            <attachments/>
            <failure>
                <message>Failed: no such window: target window already closed
                from unknown error: web view not found
                  (Session info: chrome=80.0.3987.149)
                  (Driver info: chromedriver=80.0.3987.106 (f68069574609230cf9b635cd784cfb1bf81bb53a-refs/branch-heads/3987@{#882}),platform=Windows NT 10.0.17763 x86_64)</message>
                <stack-trace>NoSuchWindowError: no such window: target window already closed
                from unknown error: web view not found
                  (Session info: chrome=80.0.3987.149)
                  (Driver info: chromedriver=80.0.3987.106 (f68069574609230cf9b635cd784cfb1bf81bb53a-refs/branch-heads/3987@{#882}),platform=Windows NT 10.0.17763 x86_64)
                    at Object.checkLegacyResponse (C:\Users\Alexey\AppData\Roaming\npm\node_modules\protractor\node_modules\selenium-webdriver\lib\error.js:546:15)
                    at parseHttpResponse (C:\Users\Alexey\AppData\Roaming\npm\node_modules\protractor\node_modules\selenium-webdriver\lib\http.js:509:13)
                    at C:\Users\Alexey\AppData\Roaming\npm\node_modules\protractor\node_modules\selenium-webdriver\lib\http.js:441:30
                    at runMicrotasks (&lt;anonymous>)
                    at processTicksAndRejections (internal/process/task_queues.js:93:5)
                From asynchronous test: 
                Error
                    at Suite.&lt;anonymous> (C:\Users\Alexey\automationJS\tests\secondPull.js:38:5)
                    at addSpecsToSuite (C:\Users\Alexey\AppData\Roaming\npm\node_modules\protractor\node_modules\jasmine-core\lib\jasmine-core\jasmine.js:1107:25)
                    at Env.describe (C:\Users\Alexey\AppData\Roaming\npm\node_modules\protractor\node_modules\jasmine-core\lib\jasmine-core\jasmine.js:1074:7)
                    at describe (C:\Users\Alexey\AppData\Roaming\npm\node_modules\protractor\node_modules\jasmine-core\lib\jasmine-core\jasmine.js:4399:18)
                    at Object.&lt;anonymous> (C:\Users\Alexey\automationJS\tests\secondPull.js:1:1)
                    at Module._compile (internal/modules/cjs/loader.js:945:30)
                    at Object.Module._extensions..js (internal/modules/cjs/loader.js:962:10)
                    at Module.load (internal/modules/cjs/loader.js:798:32)
                    at Function.Module._load (internal/modules/cjs/loader.js:711:12)</stack-trace>
            </failure>
        </test-case>
        <test-case start='1585555433964' status='failed' stop='1585555433976'>
            <name>Yandex Music</name>
            <title>Yandex Music</title>
            <labels/>
            <parameters/>
            <steps/>
            <attachments/>
            <failure>
                <message>Failed: no such window: target window already closed
                from unknown error: web view not found
                  (Session info: chrome=80.0.3987.149)
                  (Driver info: chromedriver=80.0.3987.106 (f68069574609230cf9b635cd784cfb1bf81bb53a-refs/branch-heads/3987@{#882}),platform=Windows NT 10.0.17763 x86_64)</message>
                <stack-trace>NoSuchWindowError: no such window: target window already closed
                from unknown error: web view not found
                  (Session info: chrome=80.0.3987.149)
                  (Driver info: chromedriver=80.0.3987.106 (f68069574609230cf9b635cd784cfb1bf81bb53a-refs/branch-heads/3987@{#882}),platform=Windows NT 10.0.17763 x86_64)
                    at Object.checkLegacyResponse (C:\Users\Alexey\AppData\Roaming\npm\node_modules\protractor\node_modules\selenium-webdriver\lib\error.js:546:15)
                    at parseHttpResponse (C:\Users\Alexey\AppData\Roaming\npm\node_modules\protractor\node_modules\selenium-webdriver\lib\http.js:509:13)
                    at C:\Users\Alexey\AppData\Roaming\npm\node_modules\protractor\node_modules\selenium-webdriver\lib\http.js:441:30
                    at runMicrotasks (&lt;anonymous>)
                    at processTicksAndRejections (internal/process/task_queues.js:93:5)
                    at UserContext.&lt;anonymous> (C:\Users\Alexey\automationJS\tests\secondPull.js:10:9)
                From asynchronous test: 
                Error
                    at Suite.&lt;anonymous> (C:\Users\Alexey\automationJS\tests\secondPull.js:8:5)
                    at addSpecsToSuite (C:\Users\Alexey\AppData\Roaming\npm\node_modules\protractor\node_modules\jasmine-core\lib\jasmine-core\jasmine.js:1107:25)
                    at Env.describe (C:\Users\Alexey\AppData\Roaming\npm\node_modules\protractor\node_modules\jasmine-core\lib\jasmine-core\jasmine.js:1074:7)
                    at describe (C:\Users\Alexey\AppData\Roaming\npm\node_modules\protractor\node_modules\jasmine-core\lib\jasmine-core\jasmine.js:4399:18)
                    at Object.&lt;anonymous> (C:\Users\Alexey\automationJS\tests\secondPull.js:1:1)
                    at Module._compile (internal/modules/cjs/loader.js:945:30)
                    at Object.Module._extensions..js (internal/modules/cjs/loader.js:962:10)
                    at Module.load (internal/modules/cjs/loader.js:798:32)
                    at Function.Module._load (internal/modules/cjs/loader.js:711:12)</stack-trace>
            </failure>
        </test-case>
        <test-case start='1585555433976' status='failed' stop='1585555433991'>
            <name>Play Music</name>
            <title>Play Music</title>
            <labels/>
            <parameters/>
            <steps/>
            <attachments/>
            <failure>
                <message>Failed: no such window: target window already closed
                from unknown error: web view not found
                  (Session info: chrome=80.0.3987.149)
                  (Driver info: chromedriver=80.0.3987.106 (f68069574609230cf9b635cd784cfb1bf81bb53a-refs/branch-heads/3987@{#882}),platform=Windows NT 10.0.17763 x86_64)</message>
                <stack-trace>NoSuchWindowError: no such window: target window already closed
                from unknown error: web view not found
                  (Session info: chrome=80.0.3987.149)
                  (Driver info: chromedriver=80.0.3987.106 (f68069574609230cf9b635cd784cfb1bf81bb53a-refs/branch-heads/3987@{#882}),platform=Windows NT 10.0.17763 x86_64)
                    at Object.checkLegacyResponse (C:\Users\Alexey\AppData\Roaming\npm\node_modules\protractor\node_modules\selenium-webdriver\lib\error.js:546:15)
                    at parseHttpResponse (C:\Users\Alexey\AppData\Roaming\npm\node_modules\protractor\node_modules\selenium-webdriver\lib\http.js:509:13)
                    at C:\Users\Alexey\AppData\Roaming\npm\node_modules\protractor\node_modules\selenium-webdriver\lib\http.js:441:30
                    at runMicrotasks (&lt;anonymous>)
                    at processTicksAndRejections (internal/process/task_queues.js:93:5)
                    at UserContext.&lt;anonymous> (C:\Users\Alexey\automationJS\tests\secondPull.js:10:9)
                From asynchronous test: 
                Error
                    at Suite.&lt;anonymous> (C:\Users\Alexey\automationJS\tests\secondPull.js:8:5)
                    at addSpecsToSuite (C:\Users\Alexey\AppData\Roaming\npm\node_modules\protractor\node_modules\jasmine-core\lib\jasmine-core\jasmine.js:1107:25)
                    at Env.describe (C:\Users\Alexey\AppData\Roaming\npm\node_modules\protractor\node_modules\jasmine-core\lib\jasmine-core\jasmine.js:1074:7)
                    at describe (C:\Users\Alexey\AppData\Roaming\npm\node_modules\protractor\node_modules\jasmine-core\lib\jasmine-core\jasmine.js:4399:18)
                    at Object.&lt;anonymous> (C:\Users\Alexey\automationJS\tests\secondPull.js:1:1)
                    at Module._compile (internal/modules/cjs/loader.js:945:30)
                    at Object.Module._extensions..js (internal/modules/cjs/loader.js:962:10)
                    at Module.load (internal/modules/cjs/loader.js:798:32)
                    at Function.Module._load (internal/modules/cjs/loader.js:711:12)</stack-trace>
            </failure>
        </test-case>
    </test-cases>
</ns2:test-suite>