<?xml version='1.0'?>
<ns2:test-suite xmlns:ns2='urn:model.allure.qatools.yandex.ru' start='1585323401473' stop='1585323414702'>
    <name>Second Pull</name>
    <title>Second Pull</title>
    <test-cases>
        <test-case start='1585323401474' status='pending' stop='1585323401476'>
            <name>Add to Comparison</name>
            <title>Add to Comparison</title>
            <labels/>
            <parameters/>
            <steps/>
            <attachments/>
            <failure>
                <message>Temporarily disabled with xit</message>
                <stack-trace></stack-trace>
            </failure>
        </test-case>
        <test-case start='1585323401476' status='failed' stop='1585323414701'>
            <name>Remove from Comparison</name>
            <title>Remove from Comparison</title>
            <labels/>
            <parameters/>
            <steps/>
            <attachments/>
            <failure>
                <message>Failed: element click intercepted: Element &lt;span class="button2__text">...&lt;/span> is not clickable at point (1100, 92). Other element would receive the click: &lt;button role="button" type="submit" class="button2 button2_size_ml button2_type_submit button2_pin_brick-round i-bem suggest2-form__button button2_theme_action button2_js_inited" data-bem="{&amp;quot;button2&amp;quot;:&amp;quot;&amp;quot;}">...&lt;/button>
                  (Session info: chrome=80.0.3987.149)
                  (Driver info: chromedriver=80.0.3987.106 (f68069574609230cf9b635cd784cfb1bf81bb53a-refs/branch-heads/3987@{#882}),platform=Windows NT 10.0.17763 x86_64)</message>
                <stack-trace>WebDriverError: element click intercepted: Element &lt;span class="button2__text">...&lt;/span> is not clickable at point (1100, 92). Other element would receive the click: &lt;button role="button" type="submit" class="button2 button2_size_ml button2_type_submit button2_pin_brick-round i-bem suggest2-form__button button2_theme_action button2_js_inited" data-bem="{&amp;quot;button2&amp;quot;:&amp;quot;&amp;quot;}">...&lt;/button>
                  (Session info: chrome=80.0.3987.149)
                  (Driver info: chromedriver=80.0.3987.106 (f68069574609230cf9b635cd784cfb1bf81bb53a-refs/branch-heads/3987@{#882}),platform=Windows NT 10.0.17763 x86_64)
                    at Object.checkLegacyResponse (C:\Users\Alexey\AppData\Roaming\npm\node_modules\protractor\node_modules\selenium-webdriver\lib\error.js:546:15)
                    at parseHttpResponse (C:\Users\Alexey\AppData\Roaming\npm\node_modules\protractor\node_modules\selenium-webdriver\lib\http.js:509:13)
                    at C:\Users\Alexey\AppData\Roaming\npm\node_modules\protractor\node_modules\selenium-webdriver\lib\http.js:441:30
                    at processTicksAndRejections (internal/process/task_queues.js:93:5)Error
                    at ElementArrayFinder.applyAction_ (C:\Users\Alexey\AppData\Roaming\npm\node_modules\protractor\built\element.js:459:27)
                    at ElementArrayFinder.&lt;computed> [as click] (C:\Users\Alexey\AppData\Roaming\npm\node_modules\protractor\built\element.js:91:29)
                    at ElementFinder.&lt;computed> [as click] (C:\Users\Alexey\AppData\Roaming\npm\node_modules\protractor\built\element.js:831:22)
                    at C:\Users\Alexey\automationJS\methods\yandexMarketMethods.js:9:58
                    at processTicksAndRejections (internal/process/task_queues.js:93:5)
                    at yandexMarketMethods.search (C:\Users\Alexey\automationJS\methods\yandexMarketMethods.js:7:9)
                    at UserContext.&lt;anonymous> (C:\Users\Alexey\automationJS\tests\secondPull.js:27:9)
                From asynchronous test: 
                Error
                    at Suite.&lt;anonymous> (C:\Users\Alexey\automationJS\tests\secondPull.js:25:5)
                    at addSpecsToSuite (C:\Users\Alexey\AppData\Roaming\npm\node_modules\protractor\node_modules\jasmine-core\lib\jasmine-core\jasmine.js:1107:25)
                    at Env.describe (C:\Users\Alexey\AppData\Roaming\npm\node_modules\protractor\node_modules\jasmine-core\lib\jasmine-core\jasmine.js:1074:7)
                    at describe (C:\Users\Alexey\AppData\Roaming\npm\node_modules\protractor\node_modules\jasmine-core\lib\jasmine-core\jasmine.js:4399:18)
                    at Object.&lt;anonymous> (C:\Users\Alexey\automationJS\tests\secondPull.js:1:1)
                    at Module._compile (internal/modules/cjs/loader.js:945:30)
                    at Object.Module._extensions..js (internal/modules/cjs/loader.js:962:10)
                    at Module.load (internal/modules/cjs/loader.js:798:32)
                    at Function.Module._load (internal/modules/cjs/loader.js:711:12)</stack-trace>
            </failure>
        </test-case>
    </test-cases>
</ns2:test-suite>