<?xml version='1.0'?>
<ns2:test-suite xmlns:ns2='urn:model.allure.qatools.yandex.ru' start='1585571550573' stop='1585571551957'>
    <name>Second Pull</name>
    <title>Second Pull</title>
    <test-cases>
        <test-case start='1585571550573' status='failed' stop='1585571550578'>
            <name>Add to Comparison</name>
            <title>Add to Comparison</title>
            <labels/>
            <parameters/>
            <steps/>
            <attachments/>
            <failure>
                <message>Failed: EADDRINUSE connect EADDRINUSE 127.0.0.1:59087</message>
                <stack-trace>Error: EADDRINUSE connect EADDRINUSE 127.0.0.1:59087
                    at ClientRequest.&lt;anonymous> (C:\Users\Alexey\AppData\Roaming\npm\node_modules\protractor\node_modules\selenium-webdriver\http\index.js:238:15)
                    at ClientRequest.emit (events.js:210:5)
                    at Socket.socketErrorListener (_http_client.js:406:9)
                    at Socket.emit (events.js:210:5)
                    at emitErrorNT (internal/streams/destroy.js:91:8)
                    at emitErrorAndCloseNT (internal/streams/destroy.js:59:3)
                    at processTicksAndRejections (internal/process/task_queues.js:80:21)
                From asynchronous test: 
                Error
                    at Suite.&lt;anonymous> (C:\Users\Alexey\automationJS\tests\secondPull.js:8:5)
                    at addSpecsToSuite (C:\Users\Alexey\AppData\Roaming\npm\node_modules\protractor\node_modules\jasmine-core\lib\jasmine-core\jasmine.js:1107:25)
                    at Env.describe (C:\Users\Alexey\AppData\Roaming\npm\node_modules\protractor\node_modules\jasmine-core\lib\jasmine-core\jasmine.js:1074:7)
                    at describe (C:\Users\Alexey\AppData\Roaming\npm\node_modules\protractor\node_modules\jasmine-core\lib\jasmine-core\jasmine.js:4399:18)
                    at Object.&lt;anonymous> (C:\Users\Alexey\automationJS\tests\secondPull.js:1:1)
                    at Module._compile (internal/modules/cjs/loader.js:945:30)
                    at Object.Module._extensions..js (internal/modules/cjs/loader.js:962:10)
                    at Module.load (internal/modules/cjs/loader.js:798:32)
                    at Function.Module._load (internal/modules/cjs/loader.js:711:12)</stack-trace>
            </failure>
        </test-case>
        <test-case start='1585571550578' status='failed' stop='1585571551918'>
            <name>Remove from Comparison</name>
            <title>Remove from Comparison</title>
            <labels/>
            <parameters/>
            <steps/>
            <attachments/>
            <failure>
                <message>Failed: EADDRINUSE connect EADDRINUSE 127.0.0.1:59087</message>
                <stack-trace>Error: EADDRINUSE connect EADDRINUSE 127.0.0.1:59087
                    at ClientRequest.&lt;anonymous> (C:\Users\Alexey\AppData\Roaming\npm\node_modules\protractor\node_modules\selenium-webdriver\http\index.js:238:15)
                    at ClientRequest.emit (events.js:210:5)
                    at Socket.socketErrorListener (_http_client.js:406:9)
                    at Socket.emit (events.js:210:5)
                    at emitErrorNT (internal/streams/destroy.js:91:8)
                    at emitErrorAndCloseNT (internal/streams/destroy.js:59:3)
                    at processTicksAndRejections (internal/process/task_queues.js:80:21)
                From asynchronous test: 
                Error
                    at Suite.&lt;anonymous> (C:\Users\Alexey\automationJS\tests\secondPull.js:22:5)
                    at addSpecsToSuite (C:\Users\Alexey\AppData\Roaming\npm\node_modules\protractor\node_modules\jasmine-core\lib\jasmine-core\jasmine.js:1107:25)
                    at Env.describe (C:\Users\Alexey\AppData\Roaming\npm\node_modules\protractor\node_modules\jasmine-core\lib\jasmine-core\jasmine.js:1074:7)
                    at describe (C:\Users\Alexey\AppData\Roaming\npm\node_modules\protractor\node_modules\jasmine-core\lib\jasmine-core\jasmine.js:4399:18)
                    at Object.&lt;anonymous> (C:\Users\Alexey\automationJS\tests\secondPull.js:1:1)
                    at Module._compile (internal/modules/cjs/loader.js:945:30)
                    at Object.Module._extensions..js (internal/modules/cjs/loader.js:962:10)
                    at Module.load (internal/modules/cjs/loader.js:798:32)
                    at Function.Module._load (internal/modules/cjs/loader.js:711:12)</stack-trace>
            </failure>
        </test-case>
        <test-case start='1585571551918' status='failed' stop='1585571551926'>
            <name>Sort in Market</name>
            <title>Sort in Market</title>
            <labels/>
            <parameters/>
            <steps/>
            <attachments/>
            <failure>
                <message>Failed: EADDRINUSE connect EADDRINUSE 127.0.0.1:59087</message>
                <stack-trace>Error: EADDRINUSE connect EADDRINUSE 127.0.0.1:59087
                    at ClientRequest.&lt;anonymous> (C:\Users\Alexey\AppData\Roaming\npm\node_modules\protractor\node_modules\selenium-webdriver\http\index.js:238:15)
                    at ClientRequest.emit (events.js:210:5)
                    at Socket.socketErrorListener (_http_client.js:406:9)
                    at Socket.emit (events.js:210:5)
                    at emitErrorNT (internal/streams/destroy.js:91:8)
                    at emitErrorAndCloseNT (internal/streams/destroy.js:59:3)
                    at processTicksAndRejections (internal/process/task_queues.js:80:21)
                From asynchronous test: 
                Error
                    at Suite.&lt;anonymous> (C:\Users\Alexey\automationJS\tests\secondPull.js:8:5)
                    at addSpecsToSuite (C:\Users\Alexey\AppData\Roaming\npm\node_modules\protractor\node_modules\jasmine-core\lib\jasmine-core\jasmine.js:1107:25)
                    at Env.describe (C:\Users\Alexey\AppData\Roaming\npm\node_modules\protractor\node_modules\jasmine-core\lib\jasmine-core\jasmine.js:1074:7)
                    at describe (C:\Users\Alexey\AppData\Roaming\npm\node_modules\protractor\node_modules\jasmine-core\lib\jasmine-core\jasmine.js:4399:18)
                    at Object.&lt;anonymous> (C:\Users\Alexey\automationJS\tests\secondPull.js:1:1)
                    at Module._compile (internal/modules/cjs/loader.js:945:30)
                    at Object.Module._extensions..js (internal/modules/cjs/loader.js:962:10)
                    at Module.load (internal/modules/cjs/loader.js:798:32)
                    at Function.Module._load (internal/modules/cjs/loader.js:711:12)</stack-trace>
            </failure>
        </test-case>
        <test-case start='1585571551927' status='failed' stop='1585571551937'>
            <name>Sort by tag</name>
            <title>Sort by tag</title>
            <labels/>
            <parameters/>
            <steps/>
            <attachments/>
            <failure>
                <message>Failed: EADDRINUSE connect EADDRINUSE 127.0.0.1:59087</message>
                <stack-trace>Error: EADDRINUSE connect EADDRINUSE 127.0.0.1:59087
                    at ClientRequest.&lt;anonymous> (C:\Users\Alexey\AppData\Roaming\npm\node_modules\protractor\node_modules\selenium-webdriver\http\index.js:238:15)
                    at ClientRequest.emit (events.js:210:5)
                    at Socket.socketErrorListener (_http_client.js:406:9)
                    at Socket.emit (events.js:210:5)
                    at emitErrorNT (internal/streams/destroy.js:91:8)
                    at emitErrorAndCloseNT (internal/streams/destroy.js:59:3)
                    at processTicksAndRejections (internal/process/task_queues.js:80:21)
                From asynchronous test: 
                Error
                    at Suite.&lt;anonymous> (C:\Users\Alexey\automationJS\tests\secondPull.js:8:5)
                    at addSpecsToSuite (C:\Users\Alexey\AppData\Roaming\npm\node_modules\protractor\node_modules\jasmine-core\lib\jasmine-core\jasmine.js:1107:25)
                    at Env.describe (C:\Users\Alexey\AppData\Roaming\npm\node_modules\protractor\node_modules\jasmine-core\lib\jasmine-core\jasmine.js:1074:7)
                    at describe (C:\Users\Alexey\AppData\Roaming\npm\node_modules\protractor\node_modules\jasmine-core\lib\jasmine-core\jasmine.js:4399:18)
                    at Object.&lt;anonymous> (C:\Users\Alexey\automationJS\tests\secondPull.js:1:1)
                    at Module._compile (internal/modules/cjs/loader.js:945:30)
                    at Object.Module._extensions..js (internal/modules/cjs/loader.js:962:10)
                    at Module.load (internal/modules/cjs/loader.js:798:32)
                    at Function.Module._load (internal/modules/cjs/loader.js:711:12)</stack-trace>
            </failure>
        </test-case>
        <test-case start='1585571551937' status='failed' stop='1585571551945'>
            <name>Yandex Music</name>
            <title>Yandex Music</title>
            <labels/>
            <parameters/>
            <steps/>
            <attachments/>
            <failure>
                <message>Failed: EADDRINUSE connect EADDRINUSE 127.0.0.1:59087</message>
                <stack-trace>Error: EADDRINUSE connect EADDRINUSE 127.0.0.1:59087
                    at ClientRequest.&lt;anonymous> (C:\Users\Alexey\AppData\Roaming\npm\node_modules\protractor\node_modules\selenium-webdriver\http\index.js:238:15)
                    at ClientRequest.emit (events.js:210:5)
                    at Socket.socketErrorListener (_http_client.js:406:9)
                    at Socket.emit (events.js:210:5)
                    at emitErrorNT (internal/streams/destroy.js:91:8)
                    at emitErrorAndCloseNT (internal/streams/destroy.js:59:3)
                    at processTicksAndRejections (internal/process/task_queues.js:80:21)
                From asynchronous test: 
                Error
                    at Suite.&lt;anonymous> (C:\Users\Alexey\automationJS\tests\secondPull.js:8:5)
                    at addSpecsToSuite (C:\Users\Alexey\AppData\Roaming\npm\node_modules\protractor\node_modules\jasmine-core\lib\jasmine-core\jasmine.js:1107:25)
                    at Env.describe (C:\Users\Alexey\AppData\Roaming\npm\node_modules\protractor\node_modules\jasmine-core\lib\jasmine-core\jasmine.js:1074:7)
                    at describe (C:\Users\Alexey\AppData\Roaming\npm\node_modules\protractor\node_modules\jasmine-core\lib\jasmine-core\jasmine.js:4399:18)
                    at Object.&lt;anonymous> (C:\Users\Alexey\automationJS\tests\secondPull.js:1:1)
                    at Module._compile (internal/modules/cjs/loader.js:945:30)
                    at Object.Module._extensions..js (internal/modules/cjs/loader.js:962:10)
                    at Module.load (internal/modules/cjs/loader.js:798:32)
                    at Function.Module._load (internal/modules/cjs/loader.js:711:12)</stack-trace>
            </failure>
        </test-case>
        <test-case start='1585571551945' status='failed' stop='1585571551955'>
            <name>Play Music</name>
            <title>Play Music</title>
            <labels/>
            <parameters/>
            <steps/>
            <attachments/>
            <failure>
                <message>Failed: EADDRINUSE connect EADDRINUSE 127.0.0.1:59087</message>
                <stack-trace>Error: EADDRINUSE connect EADDRINUSE 127.0.0.1:59087
                    at ClientRequest.&lt;anonymous> (C:\Users\Alexey\AppData\Roaming\npm\node_modules\protractor\node_modules\selenium-webdriver\http\index.js:238:15)
                    at ClientRequest.emit (events.js:210:5)
                    at Socket.socketErrorListener (_http_client.js:406:9)
                    at Socket.emit (events.js:210:5)
                    at emitErrorNT (internal/streams/destroy.js:91:8)
                    at emitErrorAndCloseNT (internal/streams/destroy.js:59:3)
                    at processTicksAndRejections (internal/process/task_queues.js:80:21)
                From asynchronous test: 
                Error
                    at Suite.&lt;anonymous> (C:\Users\Alexey\automationJS\tests\secondPull.js:8:5)
                    at addSpecsToSuite (C:\Users\Alexey\AppData\Roaming\npm\node_modules\protractor\node_modules\jasmine-core\lib\jasmine-core\jasmine.js:1107:25)
                    at Env.describe (C:\Users\Alexey\AppData\Roaming\npm\node_modules\protractor\node_modules\jasmine-core\lib\jasmine-core\jasmine.js:1074:7)
                    at describe (C:\Users\Alexey\AppData\Roaming\npm\node_modules\protractor\node_modules\jasmine-core\lib\jasmine-core\jasmine.js:4399:18)
                    at Object.&lt;anonymous> (C:\Users\Alexey\automationJS\tests\secondPull.js:1:1)
                    at Module._compile (internal/modules/cjs/loader.js:945:30)
                    at Object.Module._extensions..js (internal/modules/cjs/loader.js:962:10)
                    at Module.load (internal/modules/cjs/loader.js:798:32)
                    at Function.Module._load (internal/modules/cjs/loader.js:711:12)</stack-trace>
            </failure>
        </test-case>
    </test-cases>
</ns2:test-suite>